  [1m[36m (1.7ms)[0m  [1mCREATE TABLE "schema_migrations" ("version" varchar NOT NULL) [0m
  [1m[35m (0.1ms)[0m  select sqlite_version(*)
  [1m[36m (1.6ms)[0m  [1mCREATE UNIQUE INDEX "unique_schema_migrations" ON "schema_migrations" ("version")[0m
  [1m[35mActiveRecord::SchemaMigration Load (0.1ms)[0m  SELECT "schema_migrations".* FROM "schema_migrations"


Started GET "/" for ::1 at 2015-11-17 17:47:54 -0600
Processing by Rails::WelcomeController#index as HTML
  Rendered /Users/admin/.rvm/gems/ruby-2.1.2/gems/railties-4.2.3/lib/rails/templates/rails/welcome/index.html.erb (2.8ms)
Completed 200 OK in 27ms (Views: 19.4ms | ActiveRecord: 0.0ms)
  [1m[36mActiveRecord::SchemaMigration Load (0.1ms)[0m  [1mSELECT "schema_migrations".* FROM "schema_migrations"[0m
Migrating to CreateStudents (1)
  [1m[35m (0.1ms)[0m  begin transaction
  [1m[36m (0.4ms)[0m  [1mCREATE TABLE "students" ("id" INTEGER PRIMARY KEY AUTOINCREMENT NOT NULL, "first_name" varchar, "last_name" varchar, "created_at" datetime NOT NULL, "updated_at" datetime NOT NULL) [0m
  [1m[35mSQL (0.3ms)[0m  INSERT INTO "schema_migrations" ("version") VALUES (?)  [["version", "1"]]
  [1m[36m (1.4ms)[0m  [1mcommit transaction[0m
  [1m[35mActiveRecord::SchemaMigration Load (0.1ms)[0m  SELECT "schema_migrations".* FROM "schema_migrations"
  [1m[36m (0.1ms)[0m  [1mbegin transaction[0m
  [1m[35mSQL (0.3ms)[0m  INSERT INTO "students" ("first_name", "last_name", "created_at", "updated_at") VALUES (?, ?, ?, ?)  [["first_name", "Jordan"], ["last_name", "Hudgens"], ["created_at", "2015-11-18 00:10:55.545365"], ["updated_at", "2015-11-18 00:10:55.545365"]]
  [1m[36m (2.9ms)[0m  [1mcommit transaction[0m
  [1m[35mStudent Load (0.2ms)[0m  SELECT  "students".* FROM "students"  ORDER BY "students"."id" DESC LIMIT 1
  [1m[36m (0.1ms)[0m  [1mbegin transaction[0m
  [1m[35mSQL (0.3ms)[0m  INSERT INTO "students" ("created_at", "updated_at") VALUES (?, ?)  [["created_at", "2015-11-18 00:17:49.095449"], ["updated_at", "2015-11-18 00:17:49.095449"]]
  [1m[36m (1.2ms)[0m  [1mcommit transaction[0m
  [1m[35mStudent Load (0.2ms)[0m  SELECT  "students".* FROM "students"  ORDER BY "students"."id" DESC LIMIT 1
  [1m[36mActiveRecord::SchemaMigration Load (0.1ms)[0m  [1mSELECT "schema_migrations".* FROM "schema_migrations"[0m
  [1m[35mActiveRecord::SchemaMigration Load (0.1ms)[0m  SELECT "schema_migrations".* FROM "schema_migrations"


Started GET "/" for ::1 at 2015-11-18 13:36:42 -0600
  [1m[36mActiveRecord::SchemaMigration Load (0.1ms)[0m  [1mSELECT "schema_migrations".* FROM "schema_migrations"[0m
Processing by Rails::WelcomeController#index as HTML
  Rendered /Users/admin/.rvm/gems/ruby-2.1.2/gems/railties-4.2.3/lib/rails/templates/rails/welcome/index.html.erb (2.4ms)
Completed 200 OK in 39ms (Views: 24.5ms | ActiveRecord: 0.0ms)


Started GET "/" for ::1 at 2015-11-18 13:37:10 -0600
Processing by Rails::WelcomeController#index as HTML
  Rendered /Users/admin/.rvm/gems/ruby-2.1.2/gems/railties-4.2.3/lib/rails/templates/rails/welcome/index.html.erb (0.0ms)
Completed 200 OK in 1ms (Views: 0.7ms | ActiveRecord: 0.0ms)
  [1m[36mActiveRecord::SchemaMigration Load (0.1ms)[0m  [1mSELECT "schema_migrations".* FROM "schema_migrations"[0m
  [1m[35mActiveRecord::SchemaMigration Load (0.1ms)[0m  SELECT "schema_migrations".* FROM "schema_migrations"
Started GET "/students" for ::1 at 2020-08-25 13:48:12 -0500
  
ActiveRecord::PendingMigrationError (

Migrations are pending. To resolve this issue, run:

        bin/rails db:migrate RAILS_ENV=development

):
  
activerecord (5.0.7.2) lib/active_record/migration.rb:573:in `check_pending!'
activerecord (5.0.7.2) lib/active_record/migration.rb:549:in `call'
actionpack (5.0.7.2) lib/action_dispatch/middleware/callbacks.rb:38:in `block in call'
activesupport (5.0.7.2) lib/active_support/callbacks.rb:97:in `__run_callbacks__'
activesupport (5.0.7.2) lib/active_support/callbacks.rb:750:in `_run_call_callbacks'
activesupport (5.0.7.2) lib/active_support/callbacks.rb:90:in `run_callbacks'
actionpack (5.0.7.2) lib/action_dispatch/middleware/callbacks.rb:36:in `call'
actionpack (5.0.7.2) lib/action_dispatch/middleware/executor.rb:12:in `call'
actionpack (5.0.7.2) lib/action_dispatch/middleware/remote_ip.rb:79:in `call'
actionpack (5.0.7.2) lib/action_dispatch/middleware/debug_exceptions.rb:49:in `call'
actionpack (5.0.7.2) lib/action_dispatch/middleware/show_exceptions.rb:31:in `call'
railties (5.0.7.2) lib/rails/rack/logger.rb:36:in `call_app'
railties (5.0.7.2) lib/rails/rack/logger.rb:24:in `block in call'
activesupport (5.0.7.2) lib/active_support/tagged_logging.rb:69:in `block in tagged'
activesupport (5.0.7.2) lib/active_support/tagged_logging.rb:26:in `tagged'
activesupport (5.0.7.2) lib/active_support/tagged_logging.rb:69:in `tagged'
railties (5.0.7.2) lib/rails/rack/logger.rb:24:in `call'
sprockets-rails (3.2.1) lib/sprockets/rails/quiet_assets.rb:13:in `call'
actionpack (5.0.7.2) lib/action_dispatch/middleware/request_id.rb:24:in `call'
rack (2.2.3) lib/rack/method_override.rb:24:in `call'
rack (2.2.3) lib/rack/runtime.rb:22:in `call'
activesupport (5.0.7.2) lib/active_support/cache/strategy/local_cache_middleware.rb:28:in `call'
actionpack (5.0.7.2) lib/action_dispatch/middleware/executor.rb:12:in `call'
actionpack (5.0.7.2) lib/action_dispatch/middleware/static.rb:136:in `call'
rack (2.2.3) lib/rack/sendfile.rb:110:in `call'
railties (5.0.7.2) lib/rails/engine.rb:522:in `call'
rack (2.2.3) lib/rack/handler/webrick.rb:95:in `service'
/Users/anansi/.rvm/rubies/ruby-2.6.1/lib/ruby/2.6.0/webrick/httpserver.rb:140:in `service'
/Users/anansi/.rvm/rubies/ruby-2.6.1/lib/ruby/2.6.0/webrick/httpserver.rb:96:in `run'
/Users/anansi/.rvm/rubies/ruby-2.6.1/lib/ruby/2.6.0/webrick/server.rb:307:in `block in start_thread'
  Rendering /Users/anansi/.rvm/gems/ruby-2.6.1/gems/actionpack-5.0.7.2/lib/action_dispatch/middleware/templates/rescues/diagnostics.html.erb within rescues/layout
  Rendering /Users/anansi/.rvm/gems/ruby-2.6.1/gems/actionpack-5.0.7.2/lib/action_dispatch/middleware/templates/rescues/_source.html.erb
  Rendered /Users/anansi/.rvm/gems/ruby-2.6.1/gems/actionpack-5.0.7.2/lib/action_dispatch/middleware/templates/rescues/_source.html.erb (1.8ms)
  Rendering /Users/anansi/.rvm/gems/ruby-2.6.1/gems/actionpack-5.0.7.2/lib/action_dispatch/middleware/templates/rescues/_trace.html.erb
  Rendered /Users/anansi/.rvm/gems/ruby-2.6.1/gems/actionpack-5.0.7.2/lib/action_dispatch/middleware/templates/rescues/_trace.html.erb (1.2ms)
  Rendering /Users/anansi/.rvm/gems/ruby-2.6.1/gems/actionpack-5.0.7.2/lib/action_dispatch/middleware/templates/rescues/_request_and_response.html.erb
  Rendered /Users/anansi/.rvm/gems/ruby-2.6.1/gems/actionpack-5.0.7.2/lib/action_dispatch/middleware/templates/rescues/_request_and_response.html.erb (1.0ms)
  Rendered /Users/anansi/.rvm/gems/ruby-2.6.1/gems/actionpack-5.0.7.2/lib/action_dispatch/middleware/templates/rescues/diagnostics.html.erb within rescues/layout (42.3ms)
  [1m[35m (1.7ms)[0m  [1m[35mCREATE TABLE "schema_migrations" ("version" varchar NOT NULL PRIMARY KEY)[0m
  [1m[35m (1.5ms)[0m  [1m[35mCREATE TABLE "ar_internal_metadata" ("key" varchar NOT NULL PRIMARY KEY, "value" varchar, "created_at" datetime NOT NULL, "updated_at" datetime NOT NULL)[0m
  [1m[36mActiveRecord::SchemaMigration Load (0.2ms)[0m  [1m[34mSELECT "schema_migrations".* FROM "schema_migrations"[0m
Migrating to CreateStudents (1)
  [1m[35m (0.1ms)[0m  [1m[36mbegin transaction[0m
DEPRECATION WARNING: Directly inheriting from ActiveRecord::Migration is deprecated. Please specify the Rails release the migration was written for:

  class CreateStudents < ActiveRecord::Migration[4.2] (called from require at bin/rails:4)
  [1m[35m (0.5ms)[0m  [1m[35mCREATE TABLE "students" ("id" INTEGER PRIMARY KEY AUTOINCREMENT NOT NULL, "first_name" varchar, "last_name" varchar, "created_at" datetime NOT NULL, "updated_at" datetime NOT NULL)[0m
  [1m[35mSQL (0.3ms)[0m  [1m[32mINSERT INTO "schema_migrations" ("version") VALUES (?)[0m  [["version", "1"]]
  [1m[35m (1.5ms)[0m  [1m[36mcommit transaction[0m
  [1m[36mActiveRecord::InternalMetadata Load (0.2ms)[0m  [1m[34mSELECT  "ar_internal_metadata".* FROM "ar_internal_metadata" WHERE "ar_internal_metadata"."key" = ? LIMIT ?[0m  [["key", "environment"], ["LIMIT", 1]]
  [1m[35m (0.1ms)[0m  [1m[36mbegin transaction[0m
  [1m[35mSQL (0.4ms)[0m  [1m[32mINSERT INTO "ar_internal_metadata" ("key", "value", "created_at", "updated_at") VALUES (?, ?, ?, ?)[0m  [["key", "environment"], ["value", "development"], ["created_at", "2020-08-25 18:48:30.950261"], ["updated_at", "2020-08-25 18:48:30.950261"]]
  [1m[35m (0.9ms)[0m  [1m[36mcommit transaction[0m
  [1m[36mActiveRecord::SchemaMigration Load (0.1ms)[0m  [1m[34mSELECT "schema_migrations".* FROM "schema_migrations"[0m
Started GET "/students" for ::1 at 2020-08-25 13:48:38 -0500
  [1m[36mActiveRecord::SchemaMigration Load (0.2ms)[0m  [1m[34mSELECT "schema_migrations".* FROM "schema_migrations"[0m
Processing by StudentsController#index as HTML
  Rendering students/index.html.erb within layouts/application
  [1m[36mStudent Load (0.2ms)[0m  [1m[34mSELECT "students".* FROM "students"[0m
  Rendered students/index.html.erb within layouts/application (4.6ms)
Completed 200 OK in 571ms (Views: 560.4ms | ActiveRecord: 0.5ms)


Started GET "/students" for ::1 at 2020-08-25 13:48:42 -0500
Processing by StudentsController#index as HTML
  Rendering students/index.html.erb within layouts/application
  [1m[36mStudent Load (0.3ms)[0m  [1m[34mSELECT "students".* FROM "students"[0m
  Rendered students/index.html.erb within layouts/application (1.5ms)
Completed 200 OK in 13ms (Views: 11.8ms | ActiveRecord: 0.3ms)


Started GET "/students" for ::1 at 2020-08-25 13:48:44 -0500
Processing by StudentsController#index as HTML
  Rendering students/index.html.erb within layouts/application
  [1m[36mStudent Load (0.1ms)[0m  [1m[34mSELECT "students".* FROM "students"[0m
  Rendered students/index.html.erb within layouts/application (0.8ms)
Completed 200 OK in 11ms (Views: 9.7ms | ActiveRecord: 0.1ms)


Started GET "/students" for ::1 at 2020-08-25 13:48:45 -0500
Processing by StudentsController#index as HTML
  Rendering students/index.html.erb within layouts/application
  [1m[36mStudent Load (0.1ms)[0m  [1m[34mSELECT "students".* FROM "students"[0m
  Rendered students/index.html.erb within layouts/application (0.9ms)
Completed 200 OK in 11ms (Views: 9.7ms | ActiveRecord: 0.1ms)


Started GET "/students" for ::1 at 2020-08-25 13:48:46 -0500
Processing by StudentsController#index as HTML
  Rendering students/index.html.erb within layouts/application
  [1m[36mStudent Load (0.2ms)[0m  [1m[34mSELECT "students".* FROM "students"[0m
  Rendered students/index.html.erb within layouts/application (1.2ms)
Completed 200 OK in 11ms (Views: 10.1ms | ActiveRecord: 0.2ms)


Started GET "/students" for ::1 at 2020-08-25 13:48:46 -0500
Processing by StudentsController#index as HTML
  Rendering students/index.html.erb within layouts/application
  [1m[36mStudent Load (0.2ms)[0m  [1m[34mSELECT "students".* FROM "students"[0m
  Rendered students/index.html.erb within layouts/application (1.4ms)
Completed 200 OK in 17ms (Views: 15.8ms | ActiveRecord: 0.2ms)


Started GET "/students" for ::1 at 2020-08-25 13:48:46 -0500
Processing by StudentsController#index as HTML
  Rendering students/index.html.erb within layouts/application
  [1m[36mStudent Load (0.2ms)[0m  [1m[34mSELECT "students".* FROM "students"[0m
  Rendered students/index.html.erb within layouts/application (1.1ms)
Completed 200 OK in 22ms (Views: 20.1ms | ActiveRecord: 0.2ms)


Started GET "/students" for ::1 at 2020-08-25 13:48:46 -0500
Processing by StudentsController#index as HTML
  Rendering students/index.html.erb within layouts/application
  [1m[36mStudent Load (0.2ms)[0m  [1m[34mSELECT "students".* FROM "students"[0m
  Rendered students/index.html.erb within layouts/application (2.1ms)
Completed 200 OK in 30ms (Views: 27.5ms | ActiveRecord: 0.2ms)


Started GET "/students" for ::1 at 2020-08-25 13:49:07 -0500
Processing by StudentsController#index as HTML
  Rendering students/index.html.erb within layouts/application
  [1m[36mStudent Load (0.2ms)[0m  [1m[34mSELECT "students".* FROM "students"[0m
  Rendered students/index.html.erb within layouts/application (2.9ms)
Completed 200 OK in 46ms (Views: 42.7ms | ActiveRecord: 0.2ms)


  [1m[36mActiveRecord::SchemaMigration Load (0.3ms)[0m  [1m[34mSELECT "schema_migrations".* FROM "schema_migrations"[0m
  [1m[36mActiveRecord::SchemaMigration Load (0.2ms)[0m  [1m[34mSELECT "schema_migrations".* FROM "schema_migrations"[0m
  [1m[35m (0.1ms)[0m  [1m[36mbegin transaction[0m
  [1m[35mSQL (1.1ms)[0m  [1m[32mINSERT INTO "students" ("first_name", "last_name", "created_at", "updated_at") VALUES (?, ?, ?, ?)[0m  [["first_name", "Shanita"], ["last_name", "Fritsch"], ["created_at", "2020-08-25 18:51:04.495186"], ["updated_at", "2020-08-25 18:51:04.495186"]]
  [1m[35m (1.1ms)[0m  [1m[36mcommit transaction[0m
  [1m[35m (0.1ms)[0m  [1m[36mbegin transaction[0m
  [1m[35mSQL (0.6ms)[0m  [1m[32mINSERT INTO "students" ("first_name", "last_name", "created_at", "updated_at") VALUES (?, ?, ?, ?)[0m  [["first_name", "Norbert"], ["last_name", "Erdman"], ["created_at", "2020-08-25 18:51:04.499214"], ["updated_at", "2020-08-25 18:51:04.499214"]]
  [1m[35m (0.8ms)[0m  [1m[36mcommit transaction[0m
  [1m[35m (0.0ms)[0m  [1m[36mbegin transaction[0m
  [1m[35mSQL (0.3ms)[0m  [1m[32mINSERT INTO "students" ("first_name", "last_name", "created_at", "updated_at") VALUES (?, ?, ?, ?)[0m  [["first_name", "Orval"], ["last_name", "Graham"], ["created_at", "2020-08-25 18:51:04.502578"], ["updated_at", "2020-08-25 18:51:04.502578"]]
  [1m[35m (0.7ms)[0m  [1m[36mcommit transaction[0m
  [1m[35m (0.0ms)[0m  [1m[36mbegin transaction[0m
  [1m[35mSQL (0.3ms)[0m  [1m[32mINSERT INTO "students" ("first_name", "last_name", "created_at", "updated_at") VALUES (?, ?, ?, ?)[0m  [["first_name", "Terrance"], ["last_name", "Jerde"], ["created_at", "2020-08-25 18:51:04.504878"], ["updated_at", "2020-08-25 18:51:04.504878"]]
  [1m[35m (0.8ms)[0m  [1m[36mcommit transaction[0m
  [1m[35m (0.1ms)[0m  [1m[36mbegin transaction[0m
  [1m[35mSQL (0.4ms)[0m  [1m[32mINSERT INTO "students" ("first_name", "last_name", "created_at", "updated_at") VALUES (?, ?, ?, ?)[0m  [["first_name", "Alphonse"], ["last_name", "Gutkowski"], ["created_at", "2020-08-25 18:51:04.507372"], ["updated_at", "2020-08-25 18:51:04.507372"]]
  [1m[35m (0.7ms)[0m  [1m[36mcommit transaction[0m
  [1m[35m (0.0ms)[0m  [1m[36mbegin transaction[0m
  [1m[35mSQL (0.3ms)[0m  [1m[32mINSERT INTO "students" ("first_name", "last_name", "created_at", "updated_at") VALUES (?, ?, ?, ?)[0m  [["first_name", "Christian"], ["last_name", "Keebler"], ["created_at", "2020-08-25 18:51:04.510025"], ["updated_at", "2020-08-25 18:51:04.510025"]]
  [1m[35m (0.9ms)[0m  [1m[36mcommit transaction[0m
  [1m[35m (0.0ms)[0m  [1m[36mbegin transaction[0m
  [1m[35mSQL (0.4ms)[0m  [1m[32mINSERT INTO "students" ("first_name", "last_name", "created_at", "updated_at") VALUES (?, ?, ?, ?)[0m  [["first_name", "Jodee"], ["last_name", "Gleason"], ["created_at", "2020-08-25 18:51:04.512536"], ["updated_at", "2020-08-25 18:51:04.512536"]]
  [1m[35m (0.8ms)[0m  [1m[36mcommit transaction[0m
  [1m[35m (0.0ms)[0m  [1m[36mbegin transaction[0m
  [1m[35mSQL (0.3ms)[0m  [1m[32mINSERT INTO "students" ("first_name", "last_name", "created_at", "updated_at") VALUES (?, ?, ?, ?)[0m  [["first_name", "Hailey"], ["last_name", "Shanahan"], ["created_at", "2020-08-25 18:51:04.514990"], ["updated_at", "2020-08-25 18:51:04.514990"]]
  [1m[35m (0.8ms)[0m  [1m[36mcommit transaction[0m
  [1m[35m (0.0ms)[0m  [1m[36mbegin transaction[0m
  [1m[35mSQL (0.3ms)[0m  [1m[32mINSERT INTO "students" ("first_name", "last_name", "created_at", "updated_at") VALUES (?, ?, ?, ?)[0m  [["first_name", "Misty"], ["last_name", "Boehm"], ["created_at", "2020-08-25 18:51:04.517330"], ["updated_at", "2020-08-25 18:51:04.517330"]]
  [1m[35m (0.8ms)[0m  [1m[36mcommit transaction[0m
  [1m[35m (0.0ms)[0m  [1m[36mbegin transaction[0m
  [1m[35mSQL (0.3ms)[0m  [1m[32mINSERT INTO "students" ("first_name", "last_name", "created_at", "updated_at") VALUES (?, ?, ?, ?)[0m  [["first_name", "Carmen"], ["last_name", "Torp"], ["created_at", "2020-08-25 18:51:04.519631"], ["updated_at", "2020-08-25 18:51:04.519631"]]
  [1m[35m (0.8ms)[0m  [1m[36mcommit transaction[0m
Started GET "/students" for ::1 at 2020-08-25 13:51:15 -0500
  [1m[36mActiveRecord::SchemaMigration Load (0.2ms)[0m  [1m[34mSELECT "schema_migrations".* FROM "schema_migrations"[0m
Processing by StudentsController#index as HTML
  Rendering students/index.html.erb within layouts/application
  [1m[36mStudent Load (0.2ms)[0m  [1m[34mSELECT "students".* FROM "students"[0m
  Rendered students/index.html.erb within layouts/application (9.8ms)
Completed 200 OK in 315ms (Views: 304.7ms | ActiveRecord: 1.0ms)


Started GET "/students" for ::1 at 2020-08-25 13:51:21 -0500
Processing by StudentsController#index as HTML
  Rendering students/index.html.erb within layouts/application
  [1m[36mStudent Load (0.2ms)[0m  [1m[34mSELECT "students".* FROM "students"[0m
  Rendered students/index.html.erb within layouts/application (1.7ms)
Completed 200 OK in 12ms (Views: 11.5ms | ActiveRecord: 0.2ms)


Started GET "/students" for ::1 at 2020-08-25 13:52:41 -0500
Processing by StudentsController#index as HTML
  Rendering students/index.html.erb within layouts/application
  [1m[36mStudent Load (0.2ms)[0m  [1m[34mSELECT "students".* FROM "students"[0m
  Rendered students/index.html.erb within layouts/application (2.5ms)
Completed 200 OK in 19ms (Views: 17.4ms | ActiveRecord: 0.2ms)


Started GET "/students" for ::1 at 2020-08-25 13:52:42 -0500
Processing by StudentsController#index as HTML
  Rendering students/index.html.erb within layouts/application
  [1m[36mStudent Load (0.1ms)[0m  [1m[34mSELECT "students".* FROM "students"[0m
  Rendered students/index.html.erb within layouts/application (1.6ms)
Completed 200 OK in 11ms (Views: 10.3ms | ActiveRecord: 0.1ms)


Started GET "/students" for ::1 at 2020-08-25 13:52:59 -0500
Processing by StudentsController#index as HTML
  Rendering students/index.html.erb within layouts/application
  Rendered students/index.html.erb within layouts/application (0.5ms)
Completed 500 Internal Server Error in 4ms (ActiveRecord: 0.0ms)


  
SyntaxError (/Users/anansi/Development/code/Mod2/rails-dynamic-request-lab-chi01-seng-ft-080320/app/views/students/index.html.erb:4: syntax error, unexpected end, expecting ')'
'.freeze;   end 
            ^~~
/Users/anansi/Development/code/Mod2/rails-dynamic-request-lab-chi01-seng-ft-080320/app/views/students/index.html.erb:9: syntax error, unexpected ensure, expecting ')'
          ensure
          ^~~~~~
/Users/anansi/Development/code/Mod2/rails-dynamic-request-lab-chi01-seng-ft-080320/app/views/students/index.html.erb:11: syntax error, unexpected end, expecting ')'
          end
          ^~~):
  
app/views/students/index.html.erb:4: syntax error, unexpected end, expecting ')'
app/views/students/index.html.erb:9: syntax error, unexpected ensure, expecting ')'
app/views/students/index.html.erb:11: syntax error, unexpected end, expecting ')'
  Rendering /Users/anansi/.rvm/gems/ruby-2.6.1/gems/actionpack-5.0.7.2/lib/action_dispatch/middleware/templates/rescues/diagnostics.html.erb within rescues/layout
  Rendering /Users/anansi/.rvm/gems/ruby-2.6.1/gems/actionpack-5.0.7.2/lib/action_dispatch/middleware/templates/rescues/_source.html.erb
  Rendered /Users/anansi/.rvm/gems/ruby-2.6.1/gems/actionpack-5.0.7.2/lib/action_dispatch/middleware/templates/rescues/_source.html.erb (4.5ms)
  Rendering /Users/anansi/.rvm/gems/ruby-2.6.1/gems/actionpack-5.0.7.2/lib/action_dispatch/middleware/templates/rescues/_trace.html.erb
  Rendered /Users/anansi/.rvm/gems/ruby-2.6.1/gems/actionpack-5.0.7.2/lib/action_dispatch/middleware/templates/rescues/_trace.html.erb (1.9ms)
  Rendering /Users/anansi/.rvm/gems/ruby-2.6.1/gems/actionpack-5.0.7.2/lib/action_dispatch/middleware/templates/rescues/_request_and_response.html.erb
  Rendered /Users/anansi/.rvm/gems/ruby-2.6.1/gems/actionpack-5.0.7.2/lib/action_dispatch/middleware/templates/rescues/_request_and_response.html.erb (1.3ms)
  Rendered /Users/anansi/.rvm/gems/ruby-2.6.1/gems/actionpack-5.0.7.2/lib/action_dispatch/middleware/templates/rescues/diagnostics.html.erb within rescues/layout (36.6ms)
Started GET "/students" for ::1 at 2020-08-25 13:53:11 -0500
Processing by StudentsController#index as HTML
  Rendering students/index.html.erb within layouts/application
  Rendered students/index.html.erb within layouts/application (0.4ms)
Completed 500 Internal Server Error in 4ms (ActiveRecord: 0.0ms)


  
SyntaxError (/Users/anansi/Development/code/Mod2/rails-dynamic-request-lab-chi01-seng-ft-080320/app/views/students/index.html.erb:4: syntax error, unexpected end, expecting ')'
'.freeze;   end 
            ^~~
/Users/anansi/Development/code/Mod2/rails-dynamic-request-lab-chi01-seng-ft-080320/app/views/students/index.html.erb:9: syntax error, unexpected ensure, expecting ')'
          ensure
          ^~~~~~
/Users/anansi/Development/code/Mod2/rails-dynamic-request-lab-chi01-seng-ft-080320/app/views/students/index.html.erb:11: syntax error, unexpected end, expecting ')'
          end
          ^~~):
  
app/views/students/index.html.erb:4: syntax error, unexpected end, expecting ')'
app/views/students/index.html.erb:9: syntax error, unexpected ensure, expecting ')'
app/views/students/index.html.erb:11: syntax error, unexpected end, expecting ')'
  Rendering /Users/anansi/.rvm/gems/ruby-2.6.1/gems/actionpack-5.0.7.2/lib/action_dispatch/middleware/templates/rescues/diagnostics.html.erb within rescues/layout
  Rendering /Users/anansi/.rvm/gems/ruby-2.6.1/gems/actionpack-5.0.7.2/lib/action_dispatch/middleware/templates/rescues/_source.html.erb
  Rendered /Users/anansi/.rvm/gems/ruby-2.6.1/gems/actionpack-5.0.7.2/lib/action_dispatch/middleware/templates/rescues/_source.html.erb (4.1ms)
  Rendering /Users/anansi/.rvm/gems/ruby-2.6.1/gems/actionpack-5.0.7.2/lib/action_dispatch/middleware/templates/rescues/_trace.html.erb
  Rendered /Users/anansi/.rvm/gems/ruby-2.6.1/gems/actionpack-5.0.7.2/lib/action_dispatch/middleware/templates/rescues/_trace.html.erb (1.7ms)
  Rendering /Users/anansi/.rvm/gems/ruby-2.6.1/gems/actionpack-5.0.7.2/lib/action_dispatch/middleware/templates/rescues/_request_and_response.html.erb
  Rendered /Users/anansi/.rvm/gems/ruby-2.6.1/gems/actionpack-5.0.7.2/lib/action_dispatch/middleware/templates/rescues/_request_and_response.html.erb (0.8ms)
  Rendered /Users/anansi/.rvm/gems/ruby-2.6.1/gems/actionpack-5.0.7.2/lib/action_dispatch/middleware/templates/rescues/diagnostics.html.erb within rescues/layout (23.9ms)
Started GET "/students" for ::1 at 2020-08-25 13:53:12 -0500
Processing by StudentsController#index as HTML
  Rendering students/index.html.erb within layouts/application
  [1m[36mStudent Load (0.2ms)[0m  [1m[34mSELECT "students".* FROM "students"[0m
  Rendered students/index.html.erb within layouts/application (1.6ms)
Completed 200 OK in 11ms (Views: 9.7ms | ActiveRecord: 0.2ms)


Started GET "/students" for ::1 at 2020-08-25 13:53:39 -0500
Processing by StudentsController#index as HTML
  Rendering students/index.html.erb within layouts/application
  Rendered students/index.html.erb within layouts/application (0.6ms)
Completed 500 Internal Server Error in 3ms (ActiveRecord: 0.0ms)


  
SyntaxError (/Users/anansi/Development/code/Mod2/rails-dynamic-request-lab-chi01-seng-ft-080320/app/views/students/index.html.erb:3: syntax error, unexpected ',', expecting ')'
...name + " " + student.last_name,student.id) );@output_buffer....
...                              ^
/Users/anansi/Development/code/Mod2/rails-dynamic-request-lab-chi01-seng-ft-080320/app/views/students/index.html.erb:3: syntax error, unexpected ')', expecting end
...student.last_name,student.id) );@output_buffer.safe_append='...
...                              ^
/Users/anansi/Development/code/Mod2/rails-dynamic-request-lab-chi01-seng-ft-080320/app/views/students/index.html.erb:9: syntax error, unexpected ensure, expecting end-of-input
          ensure
          ^~~~~~):
  
app/views/students/index.html.erb:3: syntax error, unexpected ',', expecting ')'
app/views/students/index.html.erb:3: syntax error, unexpected ')', expecting end
app/views/students/index.html.erb:9: syntax error, unexpected ensure, expecting end-of-input
  Rendering /Users/anansi/.rvm/gems/ruby-2.6.1/gems/actionpack-5.0.7.2/lib/action_dispatch/middleware/templates/rescues/diagnostics.html.erb within rescues/layout
  Rendering /Users/anansi/.rvm/gems/ruby-2.6.1/gems/actionpack-5.0.7.2/lib/action_dispatch/middleware/templates/rescues/_source.html.erb
  Rendered /Users/anansi/.rvm/gems/ruby-2.6.1/gems/actionpack-5.0.7.2/lib/action_dispatch/middleware/templates/rescues/_source.html.erb (4.3ms)
  Rendering /Users/anansi/.rvm/gems/ruby-2.6.1/gems/actionpack-5.0.7.2/lib/action_dispatch/middleware/templates/rescues/_trace.html.erb
  Rendered /Users/anansi/.rvm/gems/ruby-2.6.1/gems/actionpack-5.0.7.2/lib/action_dispatch/middleware/templates/rescues/_trace.html.erb (1.8ms)
  Rendering /Users/anansi/.rvm/gems/ruby-2.6.1/gems/actionpack-5.0.7.2/lib/action_dispatch/middleware/templates/rescues/_request_and_response.html.erb
  Rendered /Users/anansi/.rvm/gems/ruby-2.6.1/gems/actionpack-5.0.7.2/lib/action_dispatch/middleware/templates/rescues/_request_and_response.html.erb (0.9ms)
  Rendered /Users/anansi/.rvm/gems/ruby-2.6.1/gems/actionpack-5.0.7.2/lib/action_dispatch/middleware/templates/rescues/diagnostics.html.erb within rescues/layout (24.8ms)
Started GET "/students" for ::1 at 2020-08-25 13:53:51 -0500
Processing by StudentsController#index as HTML
  Rendering students/index.html.erb within layouts/application
  [1m[36mStudent Load (0.3ms)[0m  [1m[34mSELECT "students".* FROM "students"[0m
  Rendered students/index.html.erb within layouts/application (3.3ms)
Completed 200 OK in 18ms (Views: 16.7ms | ActiveRecord: 0.2ms)


Started GET "/students" for ::1 at 2020-08-25 13:53:53 -0500
Processing by StudentsController#index as HTML
  Rendering students/index.html.erb within layouts/application
  [1m[36mStudent Load (0.1ms)[0m  [1m[34mSELECT "students".* FROM "students"[0m
  Rendered students/index.html.erb within layouts/application (1.4ms)
Completed 200 OK in 10ms (Views: 8.7ms | ActiveRecord: 0.1ms)


Started GET "/students" for ::1 at 2020-08-25 13:54:02 -0500
Processing by StudentsController#index as HTML
  Rendering students/index.html.erb within layouts/application
  [1m[36mStudent Load (0.2ms)[0m  [1m[34mSELECT "students".* FROM "students"[0m
  Rendered students/index.html.erb within layouts/application (1.8ms)
Completed 200 OK in 15ms (Views: 13.1ms | ActiveRecord: 0.2ms)


Started GET "/students" for ::1 at 2020-08-25 13:54:03 -0500
Processing by StudentsController#index as HTML
  Rendering students/index.html.erb within layouts/application
  [1m[36mStudent Load (0.2ms)[0m  [1m[34mSELECT "students".* FROM "students"[0m
  Rendered students/index.html.erb within layouts/application (15.9ms)
Completed 500 Internal Server Error in 19ms (ActiveRecord: 0.2ms)


  
ActionView::Template::Error (undefined method `show_path' for #<#<Class:0x00007fbe40d3bd18>:0x00007fbe44fe3238>):
    1: <div>
    2:   <% @students.each do |student| %>
    3:     <div><%= show_path(student.first_name + " " + student.last_name, student.id) %></div>
    4:   <% end %>
    5: </div>
    6: 
  
app/views/students/index.html.erb:3:in `block in _app_views_students_index_html_erb__943149067717463371_70227589012800'
app/views/students/index.html.erb:2:in `_app_views_students_index_html_erb__943149067717463371_70227589012800'
  Rendering /Users/anansi/.rvm/gems/ruby-2.6.1/gems/actionpack-5.0.7.2/lib/action_dispatch/middleware/templates/rescues/template_error.html.erb within rescues/layout
  Rendering /Users/anansi/.rvm/gems/ruby-2.6.1/gems/actionpack-5.0.7.2/lib/action_dispatch/middleware/templates/rescues/_source.html.erb
  Rendered /Users/anansi/.rvm/gems/ruby-2.6.1/gems/actionpack-5.0.7.2/lib/action_dispatch/middleware/templates/rescues/_source.html.erb (3.6ms)
  Rendering /Users/anansi/.rvm/gems/ruby-2.6.1/gems/actionpack-5.0.7.2/lib/action_dispatch/middleware/templates/rescues/_trace.html.erb
  Rendered /Users/anansi/.rvm/gems/ruby-2.6.1/gems/actionpack-5.0.7.2/lib/action_dispatch/middleware/templates/rescues/_trace.html.erb (1.6ms)
  Rendering /Users/anansi/.rvm/gems/ruby-2.6.1/gems/actionpack-5.0.7.2/lib/action_dispatch/middleware/templates/rescues/_request_and_response.html.erb
  Rendered /Users/anansi/.rvm/gems/ruby-2.6.1/gems/actionpack-5.0.7.2/lib/action_dispatch/middleware/templates/rescues/_request_and_response.html.erb (0.8ms)
  Rendered /Users/anansi/.rvm/gems/ruby-2.6.1/gems/actionpack-5.0.7.2/lib/action_dispatch/middleware/templates/rescues/template_error.html.erb within rescues/layout (22.4ms)
Started GET "/students" for ::1 at 2020-08-25 13:54:05 -0500
Processing by StudentsController#index as HTML
  Rendering students/index.html.erb within layouts/application
  [1m[36mStudent Load (0.1ms)[0m  [1m[34mSELECT "students".* FROM "students"[0m
  Rendered students/index.html.erb within layouts/application (15.2ms)
Completed 500 Internal Server Error in 18ms (ActiveRecord: 0.1ms)


  
ActionView::Template::Error (undefined method `show_path' for #<#<Class:0x00007fbe40d3bd18>:0x00007fbe4b247668>):
    1: <div>
    2:   <% @students.each do |student| %>
    3:     <div><%= show_path(student.first_name + " " + student.last_name, student.id) %></div>
    4:   <% end %>
    5: </div>
    6: 
  
app/views/students/index.html.erb:3:in `block in _app_views_students_index_html_erb__943149067717463371_70227640598360'
app/views/students/index.html.erb:2:in `_app_views_students_index_html_erb__943149067717463371_70227640598360'
  Rendering /Users/anansi/.rvm/gems/ruby-2.6.1/gems/actionpack-5.0.7.2/lib/action_dispatch/middleware/templates/rescues/template_error.html.erb within rescues/layout
  Rendering /Users/anansi/.rvm/gems/ruby-2.6.1/gems/actionpack-5.0.7.2/lib/action_dispatch/middleware/templates/rescues/_source.html.erb
  Rendered /Users/anansi/.rvm/gems/ruby-2.6.1/gems/actionpack-5.0.7.2/lib/action_dispatch/middleware/templates/rescues/_source.html.erb (3.9ms)
  Rendering /Users/anansi/.rvm/gems/ruby-2.6.1/gems/actionpack-5.0.7.2/lib/action_dispatch/middleware/templates/rescues/_trace.html.erb
  Rendered /Users/anansi/.rvm/gems/ruby-2.6.1/gems/actionpack-5.0.7.2/lib/action_dispatch/middleware/templates/rescues/_trace.html.erb (2.2ms)
  Rendering /Users/anansi/.rvm/gems/ruby-2.6.1/gems/actionpack-5.0.7.2/lib/action_dispatch/middleware/templates/rescues/_request_and_response.html.erb
  Rendered /Users/anansi/.rvm/gems/ruby-2.6.1/gems/actionpack-5.0.7.2/lib/action_dispatch/middleware/templates/rescues/_request_and_response.html.erb (0.8ms)
  Rendered /Users/anansi/.rvm/gems/ruby-2.6.1/gems/actionpack-5.0.7.2/lib/action_dispatch/middleware/templates/rescues/template_error.html.erb within rescues/layout (23.1ms)
Started GET "/students" for ::1 at 2020-08-25 13:54:13 -0500
Processing by StudentsController#index as HTML
  Rendering students/index.html.erb within layouts/application
  [1m[36mStudent Load (0.3ms)[0m  [1m[34mSELECT "students".* FROM "students"[0m
  Rendered students/index.html.erb within layouts/application (2.3ms)
Completed 200 OK in 14ms (Views: 12.8ms | ActiveRecord: 0.3ms)


Started GET "/students" for ::1 at 2020-08-25 13:54:14 -0500
Processing by StudentsController#index as HTML
  Rendering students/index.html.erb within layouts/application
  [1m[36mStudent Load (0.1ms)[0m  [1m[34mSELECT "students".* FROM "students"[0m
  Rendered students/index.html.erb within layouts/application (1.4ms)
Completed 200 OK in 12ms (Views: 10.5ms | ActiveRecord: 0.1ms)


Started GET "/students" for ::1 at 2020-08-25 13:54:15 -0500
Processing by StudentsController#index as HTML
  Rendering students/index.html.erb within layouts/application
  [1m[36mStudent Load (0.2ms)[0m  [1m[34mSELECT "students".* FROM "students"[0m
  Rendered students/index.html.erb within layouts/application (1.9ms)
Completed 200 OK in 15ms (Views: 13.6ms | ActiveRecord: 0.2ms)


Started GET "/students" for ::1 at 2020-08-25 13:54:18 -0500
Processing by StudentsController#index as HTML
  Rendering students/index.html.erb within layouts/application
  [1m[36mStudent Load (0.2ms)[0m  [1m[34mSELECT "students".* FROM "students"[0m
  Rendered students/index.html.erb within layouts/application (2.6ms)
Completed 200 OK in 20ms (Views: 18.5ms | ActiveRecord: 0.2ms)


Started GET "/students" for ::1 at 2020-08-25 13:54:19 -0500
Processing by StudentsController#index as HTML
  Rendering students/index.html.erb within layouts/application
  [1m[36mStudent Load (0.2ms)[0m  [1m[34mSELECT "students".* FROM "students"[0m
  Rendered students/index.html.erb within layouts/application (1.6ms)
Completed 200 OK in 12ms (Views: 10.8ms | ActiveRecord: 0.2ms)


Started GET "/students" for ::1 at 2020-08-25 13:54:19 -0500
Processing by StudentsController#index as HTML
  Rendering students/index.html.erb within layouts/application
  [1m[36mStudent Load (0.2ms)[0m  [1m[34mSELECT "students".* FROM "students"[0m
  Rendered students/index.html.erb within layouts/application (2.5ms)
Completed 200 OK in 19ms (Views: 16.8ms | ActiveRecord: 0.2ms)


Started GET "/students" for ::1 at 2020-08-25 13:54:20 -0500
Processing by StudentsController#index as HTML
  Rendering students/index.html.erb within layouts/application
  [1m[36mStudent Load (0.2ms)[0m  [1m[34mSELECT "students".* FROM "students"[0m
  Rendered students/index.html.erb within layouts/application (1.8ms)
Completed 200 OK in 15ms (Views: 13.6ms | ActiveRecord: 0.2ms)


Started GET "/students" for ::1 at 2020-08-25 13:54:21 -0500
Processing by StudentsController#index as HTML
  Rendering students/index.html.erb within layouts/application
  [1m[36mStudent Load (0.2ms)[0m  [1m[34mSELECT "students".* FROM "students"[0m
  Rendered students/index.html.erb within layouts/application (2.3ms)
Completed 200 OK in 18ms (Views: 16.0ms | ActiveRecord: 0.2ms)


Started GET "/students" for ::1 at 2020-08-25 13:54:21 -0500
Processing by StudentsController#index as HTML
  Rendering students/index.html.erb within layouts/application
  [1m[36mStudent Load (0.3ms)[0m  [1m[34mSELECT "students".* FROM "students"[0m
  Rendered students/index.html.erb within layouts/application (2.9ms)
Completed 200 OK in 19ms (Views: 16.8ms | ActiveRecord: 0.3ms)


Started GET "/students" for ::1 at 2020-08-25 13:54:21 -0500
Processing by StudentsController#index as HTML
  Rendering students/index.html.erb within layouts/application
  [1m[36mStudent Load (0.2ms)[0m  [1m[34mSELECT "students".* FROM "students"[0m
  Rendered students/index.html.erb within layouts/application (2.7ms)
Completed 200 OK in 18ms (Views: 16.1ms | ActiveRecord: 0.2ms)


Started GET "/students" for ::1 at 2020-08-25 13:54:21 -0500
Processing by StudentsController#index as HTML
  Rendering students/index.html.erb within layouts/application
  [1m[36mStudent Load (0.2ms)[0m  [1m[34mSELECT "students".* FROM "students"[0m
  Rendered students/index.html.erb within layouts/application (2.4ms)
Completed 200 OK in 21ms (Views: 19.1ms | ActiveRecord: 0.2ms)


Started GET "/students" for ::1 at 2020-08-25 13:54:21 -0500
Processing by StudentsController#index as HTML
  Rendering students/index.html.erb within layouts/application
  [1m[36mStudent Load (0.2ms)[0m  [1m[34mSELECT "students".* FROM "students"[0m
  Rendered students/index.html.erb within layouts/application (2.5ms)
Completed 200 OK in 20ms (Views: 18.4ms | ActiveRecord: 0.2ms)


Started GET "/students" for ::1 at 2020-08-25 13:54:21 -0500
Processing by StudentsController#index as HTML
  Rendering students/index.html.erb within layouts/application
  [1m[36mStudent Load (0.4ms)[0m  [1m[34mSELECT "students".* FROM "students"[0m
  Rendered students/index.html.erb within layouts/application (4.0ms)
Completed 200 OK in 30ms (Views: 27.6ms | ActiveRecord: 0.4ms)


Started GET "/students" for ::1 at 2020-08-25 13:54:22 -0500
Processing by StudentsController#index as HTML
  Rendering students/index.html.erb within layouts/application
  [1m[36mStudent Load (0.2ms)[0m  [1m[34mSELECT "students".* FROM "students"[0m
  Rendered students/index.html.erb within layouts/application (3.3ms)
Completed 200 OK in 37ms (Views: 34.3ms | ActiveRecord: 0.2ms)


Started GET "/students" for ::1 at 2020-08-25 13:54:22 -0500
Processing by StudentsController#index as HTML
  Rendering students/index.html.erb within layouts/application
  [1m[36mStudent Load (0.3ms)[0m  [1m[34mSELECT "students".* FROM "students"[0m
  Rendered students/index.html.erb within layouts/application (3.2ms)
Completed 200 OK in 25ms (Views: 22.5ms | ActiveRecord: 0.3ms)


Started GET "/students" for ::1 at 2020-08-25 13:54:22 -0500
Processing by StudentsController#index as HTML
  Rendering students/index.html.erb within layouts/application
  [1m[36mStudent Load (0.2ms)[0m  [1m[34mSELECT "students".* FROM "students"[0m
  Rendered students/index.html.erb within layouts/application (3.3ms)
Completed 200 OK in 25ms (Views: 23.5ms | ActiveRecord: 0.2ms)


Started GET "/students" for ::1 at 2020-08-25 13:54:22 -0500
Processing by StudentsController#index as HTML
  Rendering students/index.html.erb within layouts/application
  [1m[36mStudent Load (0.2ms)[0m  [1m[34mSELECT "students".* FROM "students"[0m
  Rendered students/index.html.erb within layouts/application (1.9ms)
Completed 200 OK in 15ms (Views: 13.9ms | ActiveRecord: 0.2ms)


Started GET "/students" for ::1 at 2020-08-25 13:54:23 -0500
Processing by StudentsController#index as HTML
  Rendering students/index.html.erb within layouts/application
  [1m[36mStudent Load (0.2ms)[0m  [1m[34mSELECT "students".* FROM "students"[0m
  Rendered students/index.html.erb within layouts/application (2.9ms)
Completed 200 OK in 25ms (Views: 22.8ms | ActiveRecord: 0.2ms)


Started GET "/students" for ::1 at 2020-08-25 13:54:23 -0500
Processing by StudentsController#index as HTML
  Rendering students/index.html.erb within layouts/application
  [1m[36mStudent Load (0.5ms)[0m  [1m[34mSELECT "students".* FROM "students"[0m
  Rendered students/index.html.erb within layouts/application (2.1ms)
Completed 200 OK in 21ms (Views: 18.5ms | ActiveRecord: 0.5ms)


Started GET "/students" for ::1 at 2020-08-25 13:54:24 -0500
Processing by StudentsController#index as HTML
  Rendering students/index.html.erb within layouts/application
  [1m[36mStudent Load (0.2ms)[0m  [1m[34mSELECT "students".* FROM "students"[0m
  Rendered students/index.html.erb within layouts/application (2.2ms)
Completed 200 OK in 22ms (Views: 19.9ms | ActiveRecord: 0.2ms)


Started GET "/students" for ::1 at 2020-08-25 13:54:24 -0500
Processing by StudentsController#index as HTML
  Rendering students/index.html.erb within layouts/application
  [1m[36mStudent Load (0.2ms)[0m  [1m[34mSELECT "students".* FROM "students"[0m
  Rendered students/index.html.erb within layouts/application (3.0ms)
Completed 200 OK in 27ms (Views: 24.9ms | ActiveRecord: 0.2ms)


Started GET "/students" for ::1 at 2020-08-25 13:54:24 -0500
Processing by StudentsController#index as HTML
  Rendering students/index.html.erb within layouts/application
  [1m[36mStudent Load (0.4ms)[0m  [1m[34mSELECT "students".* FROM "students"[0m
  Rendered students/index.html.erb within layouts/application (3.2ms)
Completed 200 OK in 23ms (Views: 20.1ms | ActiveRecord: 0.4ms)


Started GET "/students" for ::1 at 2020-08-25 13:54:24 -0500
Processing by StudentsController#index as HTML
  Rendering students/index.html.erb within layouts/application
  [1m[36mStudent Load (0.2ms)[0m  [1m[34mSELECT "students".* FROM "students"[0m
  Rendered students/index.html.erb within layouts/application (2.2ms)
Completed 200 OK in 23ms (Views: 20.8ms | ActiveRecord: 0.2ms)


Started GET "/students" for ::1 at 2020-08-25 13:55:31 -0500
Processing by StudentsController#index as HTML
  Rendering students/index.html.erb within layouts/application
  [1m[36mStudent Load (0.2ms)[0m  [1m[34mSELECT "students".* FROM "students"[0m
  Rendered students/index.html.erb within layouts/application (3.4ms)
Completed 200 OK in 18ms (Views: 16.5ms | ActiveRecord: 0.2ms)


Started GET "/students" for ::1 at 2020-08-25 13:55:32 -0500
Processing by StudentsController#index as HTML
  Rendering students/index.html.erb within layouts/application
  [1m[36mStudent Load (0.3ms)[0m  [1m[34mSELECT "students".* FROM "students"[0m
  Rendered students/index.html.erb within layouts/application (2.9ms)
Completed 200 OK in 20ms (Views: 18.7ms | ActiveRecord: 0.3ms)


Started GET "/students" for ::1 at 2020-08-25 13:55:42 -0500
Processing by StudentsController#index as HTML
  Rendering students/index.html.erb within layouts/application
  [1m[36mStudent Load (0.2ms)[0m  [1m[34mSELECT "students".* FROM "students"[0m
  Rendered students/index.html.erb within layouts/application (4.8ms)
Completed 500 Internal Server Error in 8ms (ActiveRecord: 0.2ms)


  
ActionView::Template::Error (undefined method `to_model' for 1:Integer
Did you mean?  to_yaml):
    1: <div>
    2:   <% @students.each do |student| %>
    3:     <div><%= link_to(student.first_name + " " + student.last_name, student.id) %></div>
    4:   <% end %>
    5: </div>
    6: 
  
app/views/students/index.html.erb:3:in `block in _app_views_students_index_html_erb__943149067717463371_70227639696780'
app/views/students/index.html.erb:2:in `_app_views_students_index_html_erb__943149067717463371_70227639696780'
  Rendering /Users/anansi/.rvm/gems/ruby-2.6.1/gems/actionpack-5.0.7.2/lib/action_dispatch/middleware/templates/rescues/template_error.html.erb within rescues/layout
  Rendering /Users/anansi/.rvm/gems/ruby-2.6.1/gems/actionpack-5.0.7.2/lib/action_dispatch/middleware/templates/rescues/_source.html.erb
  Rendered /Users/anansi/.rvm/gems/ruby-2.6.1/gems/actionpack-5.0.7.2/lib/action_dispatch/middleware/templates/rescues/_source.html.erb (4.0ms)
  Rendering /Users/anansi/.rvm/gems/ruby-2.6.1/gems/actionpack-5.0.7.2/lib/action_dispatch/middleware/templates/rescues/_trace.html.erb
  Rendered /Users/anansi/.rvm/gems/ruby-2.6.1/gems/actionpack-5.0.7.2/lib/action_dispatch/middleware/templates/rescues/_trace.html.erb (1.8ms)
  Rendering /Users/anansi/.rvm/gems/ruby-2.6.1/gems/actionpack-5.0.7.2/lib/action_dispatch/middleware/templates/rescues/_request_and_response.html.erb
  Rendered /Users/anansi/.rvm/gems/ruby-2.6.1/gems/actionpack-5.0.7.2/lib/action_dispatch/middleware/templates/rescues/_request_and_response.html.erb (0.9ms)
  Rendered /Users/anansi/.rvm/gems/ruby-2.6.1/gems/actionpack-5.0.7.2/lib/action_dispatch/middleware/templates/rescues/template_error.html.erb within rescues/layout (25.4ms)
Started GET "/students" for ::1 at 2020-08-25 13:56:06 -0500
Processing by StudentsController#index as HTML
  Rendering students/index.html.erb within layouts/application
  Rendered students/index.html.erb within layouts/application (0.7ms)
Completed 500 Internal Server Error in 4ms (ActiveRecord: 0.0ms)


  
SyntaxError (/Users/anansi/Development/code/Mod2/rails-dynamic-request-lab-chi01-seng-ft-080320/app/views/students/index.html.erb:3: syntax error, unexpected tIDENTIFIER, expecting do or '{' or '('
...last_name,students_path student.id) );@output_buffer.safe_ap...
...                        ^~~~~~~
/Users/anansi/Development/code/Mod2/rails-dynamic-request-lab-chi01-seng-ft-080320/app/views/students/index.html.erb:3: syntax error, unexpected ')', expecting end
...ame,students_path student.id) );@output_buffer.safe_append='...
...                              ^
/Users/anansi/Development/code/Mod2/rails-dynamic-request-lab-chi01-seng-ft-080320/app/views/students/index.html.erb:9: syntax error, unexpected ensure, expecting end-of-input
          ensure
          ^~~~~~):
  
app/views/students/index.html.erb:3: syntax error, unexpected tIDENTIFIER, expecting do or '{' or '('
app/views/students/index.html.erb:3: syntax error, unexpected ')', expecting end
app/views/students/index.html.erb:9: syntax error, unexpected ensure, expecting end-of-input
  Rendering /Users/anansi/.rvm/gems/ruby-2.6.1/gems/actionpack-5.0.7.2/lib/action_dispatch/middleware/templates/rescues/diagnostics.html.erb within rescues/layout
  Rendering /Users/anansi/.rvm/gems/ruby-2.6.1/gems/actionpack-5.0.7.2/lib/action_dispatch/middleware/templates/rescues/_source.html.erb
  Rendered /Users/anansi/.rvm/gems/ruby-2.6.1/gems/actionpack-5.0.7.2/lib/action_dispatch/middleware/templates/rescues/_source.html.erb (4.6ms)
  Rendering /Users/anansi/.rvm/gems/ruby-2.6.1/gems/actionpack-5.0.7.2/lib/action_dispatch/middleware/templates/rescues/_trace.html.erb
  Rendered /Users/anansi/.rvm/gems/ruby-2.6.1/gems/actionpack-5.0.7.2/lib/action_dispatch/middleware/templates/rescues/_trace.html.erb (2.1ms)
  Rendering /Users/anansi/.rvm/gems/ruby-2.6.1/gems/actionpack-5.0.7.2/lib/action_dispatch/middleware/templates/rescues/_request_and_response.html.erb
  Rendered /Users/anansi/.rvm/gems/ruby-2.6.1/gems/actionpack-5.0.7.2/lib/action_dispatch/middleware/templates/rescues/_request_and_response.html.erb (0.8ms)
  Rendered /Users/anansi/.rvm/gems/ruby-2.6.1/gems/actionpack-5.0.7.2/lib/action_dispatch/middleware/templates/rescues/diagnostics.html.erb within rescues/layout (25.8ms)
Started GET "/students" for ::1 at 2020-08-25 13:56:07 -0500
Processing by StudentsController#index as HTML
  Rendering students/index.html.erb within layouts/application
  Rendered students/index.html.erb within layouts/application (0.4ms)
Completed 500 Internal Server Error in 3ms (ActiveRecord: 0.0ms)


  
SyntaxError (/Users/anansi/Development/code/Mod2/rails-dynamic-request-lab-chi01-seng-ft-080320/app/views/students/index.html.erb:3: syntax error, unexpected tIDENTIFIER, expecting do or '{' or '('
...last_name,students_path student.id) );@output_buffer.safe_ap...
...                        ^~~~~~~
/Users/anansi/Development/code/Mod2/rails-dynamic-request-lab-chi01-seng-ft-080320/app/views/students/index.html.erb:3: syntax error, unexpected ')', expecting end
...ame,students_path student.id) );@output_buffer.safe_append='...
...                              ^
/Users/anansi/Development/code/Mod2/rails-dynamic-request-lab-chi01-seng-ft-080320/app/views/students/index.html.erb:9: syntax error, unexpected ensure, expecting end-of-input
          ensure
          ^~~~~~):
  
app/views/students/index.html.erb:3: syntax error, unexpected tIDENTIFIER, expecting do or '{' or '('
app/views/students/index.html.erb:3: syntax error, unexpected ')', expecting end
app/views/students/index.html.erb:9: syntax error, unexpected ensure, expecting end-of-input
  Rendering /Users/anansi/.rvm/gems/ruby-2.6.1/gems/actionpack-5.0.7.2/lib/action_dispatch/middleware/templates/rescues/diagnostics.html.erb within rescues/layout
  Rendering /Users/anansi/.rvm/gems/ruby-2.6.1/gems/actionpack-5.0.7.2/lib/action_dispatch/middleware/templates/rescues/_source.html.erb
  Rendered /Users/anansi/.rvm/gems/ruby-2.6.1/gems/actionpack-5.0.7.2/lib/action_dispatch/middleware/templates/rescues/_source.html.erb (4.1ms)
  Rendering /Users/anansi/.rvm/gems/ruby-2.6.1/gems/actionpack-5.0.7.2/lib/action_dispatch/middleware/templates/rescues/_trace.html.erb
  Rendered /Users/anansi/.rvm/gems/ruby-2.6.1/gems/actionpack-5.0.7.2/lib/action_dispatch/middleware/templates/rescues/_trace.html.erb (1.8ms)
  Rendering /Users/anansi/.rvm/gems/ruby-2.6.1/gems/actionpack-5.0.7.2/lib/action_dispatch/middleware/templates/rescues/_request_and_response.html.erb
  Rendered /Users/anansi/.rvm/gems/ruby-2.6.1/gems/actionpack-5.0.7.2/lib/action_dispatch/middleware/templates/rescues/_request_and_response.html.erb (0.8ms)
  Rendered /Users/anansi/.rvm/gems/ruby-2.6.1/gems/actionpack-5.0.7.2/lib/action_dispatch/middleware/templates/rescues/diagnostics.html.erb within rescues/layout (25.5ms)
Started GET "/students" for ::1 at 2020-08-25 13:56:23 -0500
Processing by StudentsController#index as HTML
  Rendering students/index.html.erb within layouts/application
  Rendered students/index.html.erb within layouts/application (0.6ms)
Completed 500 Internal Server Error in 4ms (ActiveRecord: 0.0ms)


  
SyntaxError (/Users/anansi/Development/code/Mod2/rails-dynamic-request-lab-chi01-seng-ft-080320/app/views/students/index.html.erb:3: syntax error, unexpected ( arg, expecting do or '{' or '('
...udent.last_name,students_path (student.id) );@output_buffer....
...                              ^):
  
app/views/students/index.html.erb:3: syntax error, unexpected ( arg, expecting do or '{' or '('
  Rendering /Users/anansi/.rvm/gems/ruby-2.6.1/gems/actionpack-5.0.7.2/lib/action_dispatch/middleware/templates/rescues/diagnostics.html.erb within rescues/layout
  Rendering /Users/anansi/.rvm/gems/ruby-2.6.1/gems/actionpack-5.0.7.2/lib/action_dispatch/middleware/templates/rescues/_source.html.erb
  Rendered /Users/anansi/.rvm/gems/ruby-2.6.1/gems/actionpack-5.0.7.2/lib/action_dispatch/middleware/templates/rescues/_source.html.erb (4.0ms)
  Rendering /Users/anansi/.rvm/gems/ruby-2.6.1/gems/actionpack-5.0.7.2/lib/action_dispatch/middleware/templates/rescues/_trace.html.erb
  Rendered /Users/anansi/.rvm/gems/ruby-2.6.1/gems/actionpack-5.0.7.2/lib/action_dispatch/middleware/templates/rescues/_trace.html.erb (2.0ms)
  Rendering /Users/anansi/.rvm/gems/ruby-2.6.1/gems/actionpack-5.0.7.2/lib/action_dispatch/middleware/templates/rescues/_request_and_response.html.erb
  Rendered /Users/anansi/.rvm/gems/ruby-2.6.1/gems/actionpack-5.0.7.2/lib/action_dispatch/middleware/templates/rescues/_request_and_response.html.erb (1.0ms)
  Rendered /Users/anansi/.rvm/gems/ruby-2.6.1/gems/actionpack-5.0.7.2/lib/action_dispatch/middleware/templates/rescues/diagnostics.html.erb within rescues/layout (23.9ms)
Started GET "/students" for ::1 at 2020-08-25 13:56:38 -0500
Processing by StudentsController#index as HTML
  Rendering students/index.html.erb within layouts/application
  [1m[36mStudent Load (0.2ms)[0m  [1m[34mSELECT "students".* FROM "students"[0m
  Rendered students/index.html.erb within layouts/application (4.5ms)
Completed 500 Internal Server Error in 8ms (ActiveRecord: 0.2ms)


  
ActionView::Template::Error (undefined method `to_model' for 1:Integer
Did you mean?  to_yaml):
    1: <div>
    2:   <% @students.each do |student| %>
    3:     <div><%= link_to(student.first_name + " " + student.last_name, student.id) %></div>
    4:   <% end %>
    5: </div>
    6: 
  
app/views/students/index.html.erb:3:in `block in _app_views_students_index_html_erb__943149067717463371_70227579812060'
app/views/students/index.html.erb:2:in `_app_views_students_index_html_erb__943149067717463371_70227579812060'
  Rendering /Users/anansi/.rvm/gems/ruby-2.6.1/gems/actionpack-5.0.7.2/lib/action_dispatch/middleware/templates/rescues/template_error.html.erb within rescues/layout
  Rendering /Users/anansi/.rvm/gems/ruby-2.6.1/gems/actionpack-5.0.7.2/lib/action_dispatch/middleware/templates/rescues/_source.html.erb
  Rendered /Users/anansi/.rvm/gems/ruby-2.6.1/gems/actionpack-5.0.7.2/lib/action_dispatch/middleware/templates/rescues/_source.html.erb (4.2ms)
  Rendering /Users/anansi/.rvm/gems/ruby-2.6.1/gems/actionpack-5.0.7.2/lib/action_dispatch/middleware/templates/rescues/_trace.html.erb
  Rendered /Users/anansi/.rvm/gems/ruby-2.6.1/gems/actionpack-5.0.7.2/lib/action_dispatch/middleware/templates/rescues/_trace.html.erb (1.9ms)
  Rendering /Users/anansi/.rvm/gems/ruby-2.6.1/gems/actionpack-5.0.7.2/lib/action_dispatch/middleware/templates/rescues/_request_and_response.html.erb
  Rendered /Users/anansi/.rvm/gems/ruby-2.6.1/gems/actionpack-5.0.7.2/lib/action_dispatch/middleware/templates/rescues/_request_and_response.html.erb (0.9ms)
  Rendered /Users/anansi/.rvm/gems/ruby-2.6.1/gems/actionpack-5.0.7.2/lib/action_dispatch/middleware/templates/rescues/template_error.html.erb within rescues/layout (25.2ms)
Started GET "/students" for ::1 at 2020-08-25 13:56:55 -0500
Processing by StudentsController#index as HTML
  Rendering students/index.html.erb within layouts/application
  [1m[36mStudent Load (0.2ms)[0m  [1m[34mSELECT "students".* FROM "students"[0m
  Rendered students/index.html.erb within layouts/application (20.2ms)
Completed 500 Internal Server Error in 24ms (ActiveRecord: 0.2ms)


  
ActionView::Template::Error (undefined method `show_path' for #<#<Class:0x00007fbe40d3bd18>:0x00007fbe44ee1fd8>):
    1: <div>
    2:   <% @students.each do |student| %>
    3:     <div><%= link_to show_path(student.first_name + " " + student.last_name, student.id) %></div>
    4:   <% end %>
    5: </div>
    6: 
  
app/views/students/index.html.erb:3:in `block in _app_views_students_index_html_erb__943149067717463371_70227588486160'
app/views/students/index.html.erb:2:in `_app_views_students_index_html_erb__943149067717463371_70227588486160'
  Rendering /Users/anansi/.rvm/gems/ruby-2.6.1/gems/actionpack-5.0.7.2/lib/action_dispatch/middleware/templates/rescues/template_error.html.erb within rescues/layout
  Rendering /Users/anansi/.rvm/gems/ruby-2.6.1/gems/actionpack-5.0.7.2/lib/action_dispatch/middleware/templates/rescues/_source.html.erb
  Rendered /Users/anansi/.rvm/gems/ruby-2.6.1/gems/actionpack-5.0.7.2/lib/action_dispatch/middleware/templates/rescues/_source.html.erb (3.7ms)
  Rendering /Users/anansi/.rvm/gems/ruby-2.6.1/gems/actionpack-5.0.7.2/lib/action_dispatch/middleware/templates/rescues/_trace.html.erb
  Rendered /Users/anansi/.rvm/gems/ruby-2.6.1/gems/actionpack-5.0.7.2/lib/action_dispatch/middleware/templates/rescues/_trace.html.erb (1.7ms)
  Rendering /Users/anansi/.rvm/gems/ruby-2.6.1/gems/actionpack-5.0.7.2/lib/action_dispatch/middleware/templates/rescues/_request_and_response.html.erb
  Rendered /Users/anansi/.rvm/gems/ruby-2.6.1/gems/actionpack-5.0.7.2/lib/action_dispatch/middleware/templates/rescues/_request_and_response.html.erb (0.8ms)
  Rendered /Users/anansi/.rvm/gems/ruby-2.6.1/gems/actionpack-5.0.7.2/lib/action_dispatch/middleware/templates/rescues/template_error.html.erb within rescues/layout (23.1ms)
Started GET "/students" for ::1 at 2020-08-25 13:56:56 -0500
Processing by StudentsController#index as HTML
  Rendering students/index.html.erb within layouts/application
  [1m[36mStudent Load (0.2ms)[0m  [1m[34mSELECT "students".* FROM "students"[0m
  Rendered students/index.html.erb within layouts/application (16.8ms)
Completed 500 Internal Server Error in 19ms (ActiveRecord: 0.2ms)


  
ActionView::Template::Error (undefined method `show_path' for #<#<Class:0x00007fbe40d3bd18>:0x00007fbe40f33c38>):
    1: <div>
    2:   <% @students.each do |student| %>
    3:     <div><%= link_to show_path(student.first_name + " " + student.last_name, student.id) %></div>
    4:   <% end %>
    5: </div>
    6: 
  
app/views/students/index.html.erb:3:in `block in _app_views_students_index_html_erb__943149067717463371_70227555076040'
app/views/students/index.html.erb:2:in `_app_views_students_index_html_erb__943149067717463371_70227555076040'
  Rendering /Users/anansi/.rvm/gems/ruby-2.6.1/gems/actionpack-5.0.7.2/lib/action_dispatch/middleware/templates/rescues/template_error.html.erb within rescues/layout
  Rendering /Users/anansi/.rvm/gems/ruby-2.6.1/gems/actionpack-5.0.7.2/lib/action_dispatch/middleware/templates/rescues/_source.html.erb
  Rendered /Users/anansi/.rvm/gems/ruby-2.6.1/gems/actionpack-5.0.7.2/lib/action_dispatch/middleware/templates/rescues/_source.html.erb (3.5ms)
  Rendering /Users/anansi/.rvm/gems/ruby-2.6.1/gems/actionpack-5.0.7.2/lib/action_dispatch/middleware/templates/rescues/_trace.html.erb
  Rendered /Users/anansi/.rvm/gems/ruby-2.6.1/gems/actionpack-5.0.7.2/lib/action_dispatch/middleware/templates/rescues/_trace.html.erb (1.8ms)
  Rendering /Users/anansi/.rvm/gems/ruby-2.6.1/gems/actionpack-5.0.7.2/lib/action_dispatch/middleware/templates/rescues/_request_and_response.html.erb
  Rendered /Users/anansi/.rvm/gems/ruby-2.6.1/gems/actionpack-5.0.7.2/lib/action_dispatch/middleware/templates/rescues/_request_and_response.html.erb (0.8ms)
  Rendered /Users/anansi/.rvm/gems/ruby-2.6.1/gems/actionpack-5.0.7.2/lib/action_dispatch/middleware/templates/rescues/template_error.html.erb within rescues/layout (23.6ms)
Started GET "/students" for ::1 at 2020-08-25 13:57:10 -0500
Processing by StudentsController#index as HTML
  Rendering students/index.html.erb within layouts/application
  [1m[36mStudent Load (0.2ms)[0m  [1m[34mSELECT "students".* FROM "students"[0m
  Rendered students/index.html.erb within layouts/application (2.4ms)
Completed 200 OK in 13ms (Views: 11.9ms | ActiveRecord: 0.2ms)


Started GET "/students" for ::1 at 2020-08-25 13:57:12 -0500
Processing by StudentsController#index as HTML
  Rendering students/index.html.erb within layouts/application
  [1m[36mStudent Load (0.1ms)[0m  [1m[34mSELECT "students".* FROM "students"[0m
  Rendered students/index.html.erb within layouts/application (2.8ms)
Completed 200 OK in 14ms (Views: 12.7ms | ActiveRecord: 0.1ms)


Started GET "/students" for ::1 at 2020-08-25 13:57:12 -0500
Processing by StudentsController#index as HTML
  Rendering students/index.html.erb within layouts/application
  [1m[36mStudent Load (0.3ms)[0m  [1m[34mSELECT "students".* FROM "students"[0m
  Rendered students/index.html.erb within layouts/application (2.5ms)
Completed 200 OK in 13ms (Views: 11.5ms | ActiveRecord: 0.3ms)


Started GET "/students" for ::1 at 2020-08-25 13:57:12 -0500
Processing by StudentsController#index as HTML
  Rendering students/index.html.erb within layouts/application
  [1m[36mStudent Load (0.2ms)[0m  [1m[34mSELECT "students".* FROM "students"[0m
  Rendered students/index.html.erb within layouts/application (2.5ms)
Completed 200 OK in 15ms (Views: 13.7ms | ActiveRecord: 0.2ms)


Started GET "/students" for ::1 at 2020-08-25 13:57:13 -0500
Processing by StudentsController#index as HTML
  Rendering students/index.html.erb within layouts/application
  [1m[36mStudent Load (0.2ms)[0m  [1m[34mSELECT "students".* FROM "students"[0m
  Rendered students/index.html.erb within layouts/application (3.1ms)
Completed 200 OK in 15ms (Views: 13.8ms | ActiveRecord: 0.2ms)


Started GET "/students" for ::1 at 2020-08-25 13:57:13 -0500
Processing by StudentsController#index as HTML
  Rendering students/index.html.erb within layouts/application
  [1m[36mStudent Load (0.2ms)[0m  [1m[34mSELECT "students".* FROM "students"[0m
  Rendered students/index.html.erb within layouts/application (3.0ms)
Completed 200 OK in 15ms (Views: 13.3ms | ActiveRecord: 0.2ms)


Started GET "/students" for ::1 at 2020-08-25 13:57:13 -0500
Processing by StudentsController#index as HTML
  Rendering students/index.html.erb within layouts/application
  [1m[36mStudent Load (0.2ms)[0m  [1m[34mSELECT "students".* FROM "students"[0m
  Rendered students/index.html.erb within layouts/application (2.6ms)
Completed 200 OK in 16ms (Views: 14.3ms | ActiveRecord: 0.2ms)


Started GET "/students" for ::1 at 2020-08-25 13:57:13 -0500
Processing by StudentsController#index as HTML
  Rendering students/index.html.erb within layouts/application
  [1m[36mStudent Load (0.2ms)[0m  [1m[34mSELECT "students".* FROM "students"[0m
  Rendered students/index.html.erb within layouts/application (24.1ms)
Completed 200 OK in 36ms (Views: 35.0ms | ActiveRecord: 0.2ms)


Started GET "/students" for ::1 at 2020-08-25 13:58:14 -0500
Processing by StudentsController#index as HTML
  Rendering students/index.html.erb within layouts/application
  [1m[36mStudent Load (0.3ms)[0m  [1m[34mSELECT "students".* FROM "students"[0m
  Rendered students/index.html.erb within layouts/application (4.3ms)
Completed 200 OK in 28ms (Views: 26.2ms | ActiveRecord: 0.3ms)


Started GET "/students" for ::1 at 2020-08-25 13:58:16 -0500
Processing by StudentsController#index as HTML
  Rendering students/index.html.erb within layouts/application
  [1m[36mStudent Load (0.2ms)[0m  [1m[34mSELECT "students".* FROM "students"[0m
  Rendered students/index.html.erb within layouts/application (2.1ms)
Completed 200 OK in 15ms (Views: 13.4ms | ActiveRecord: 0.2ms)


Started GET "/students" for ::1 at 2020-08-25 13:58:17 -0500
Processing by StudentsController#index as HTML
  Rendering students/index.html.erb within layouts/application
  [1m[36mStudent Load (0.2ms)[0m  [1m[34mSELECT "students".* FROM "students"[0m
  Rendered students/index.html.erb within layouts/application (2.0ms)
Completed 200 OK in 13ms (Views: 11.7ms | ActiveRecord: 0.2ms)


Started GET "/students" for ::1 at 2020-08-25 14:00:48 -0500
Processing by StudentsController#index as HTML
  Rendering students/index.html.erb within layouts/application
  Rendered students/index.html.erb within layouts/application (0.5ms)
Completed 500 Internal Server Error in 4ms (ActiveRecord: 0.0ms)


  
SyntaxError (/Users/anansi/Development/code/Mod2/rails-dynamic-request-lab-chi01-seng-ft-080320/app/views/students/index.html.erb:4: syntax error, unexpected end, expecting ')'
'.freeze;   end 
            ^~~
/Users/anansi/Development/code/Mod2/rails-dynamic-request-lab-chi01-seng-ft-080320/app/views/students/index.html.erb:9: syntax error, unexpected ensure, expecting ')'
          ensure
          ^~~~~~
/Users/anansi/Development/code/Mod2/rails-dynamic-request-lab-chi01-seng-ft-080320/app/views/students/index.html.erb:11: syntax error, unexpected end, expecting ')'
          end
          ^~~):
  
app/views/students/index.html.erb:4: syntax error, unexpected end, expecting ')'
app/views/students/index.html.erb:9: syntax error, unexpected ensure, expecting ')'
app/views/students/index.html.erb:11: syntax error, unexpected end, expecting ')'
  Rendering /Users/anansi/.rvm/gems/ruby-2.6.1/gems/actionpack-5.0.7.2/lib/action_dispatch/middleware/templates/rescues/diagnostics.html.erb within rescues/layout
  Rendering /Users/anansi/.rvm/gems/ruby-2.6.1/gems/actionpack-5.0.7.2/lib/action_dispatch/middleware/templates/rescues/_source.html.erb
  Rendered /Users/anansi/.rvm/gems/ruby-2.6.1/gems/actionpack-5.0.7.2/lib/action_dispatch/middleware/templates/rescues/_source.html.erb (3.8ms)
  Rendering /Users/anansi/.rvm/gems/ruby-2.6.1/gems/actionpack-5.0.7.2/lib/action_dispatch/middleware/templates/rescues/_trace.html.erb
  Rendered /Users/anansi/.rvm/gems/ruby-2.6.1/gems/actionpack-5.0.7.2/lib/action_dispatch/middleware/templates/rescues/_trace.html.erb (1.8ms)
  Rendering /Users/anansi/.rvm/gems/ruby-2.6.1/gems/actionpack-5.0.7.2/lib/action_dispatch/middleware/templates/rescues/_request_and_response.html.erb
  Rendered /Users/anansi/.rvm/gems/ruby-2.6.1/gems/actionpack-5.0.7.2/lib/action_dispatch/middleware/templates/rescues/_request_and_response.html.erb (0.8ms)
  Rendered /Users/anansi/.rvm/gems/ruby-2.6.1/gems/actionpack-5.0.7.2/lib/action_dispatch/middleware/templates/rescues/diagnostics.html.erb within rescues/layout (24.8ms)
Started GET "/students" for ::1 at 2020-08-25 14:01:20 -0500
Processing by StudentsController#index as HTML
  Rendering students/index.html.erb within layouts/application
  [1m[36mStudent Load (0.2ms)[0m  [1m[34mSELECT "students".* FROM "students"[0m
  Rendered students/index.html.erb within layouts/application (1.6ms)
Completed 200 OK in 14ms (Views: 12.1ms | ActiveRecord: 0.2ms)


Started GET "/students/1" for ::1 at 2020-08-25 14:01:21 -0500
Processing by StudentsController#show as HTML
  Parameters: {"id"=>"1"}
Completed 500 Internal Server Error in 18ms (ActiveRecord: 0.0ms)


  
NameError (undefined local variable or method `param' for #<StudentsController:0x00007fbe4c0d46b8>
Did you mean?  params
               params=):
  
app/controllers/students_controller.rb:7:in `show'
  Rendering /Users/anansi/.rvm/gems/ruby-2.6.1/gems/actionpack-5.0.7.2/lib/action_dispatch/middleware/templates/rescues/diagnostics.html.erb within rescues/layout
  Rendering /Users/anansi/.rvm/gems/ruby-2.6.1/gems/actionpack-5.0.7.2/lib/action_dispatch/middleware/templates/rescues/_source.html.erb
  Rendered /Users/anansi/.rvm/gems/ruby-2.6.1/gems/actionpack-5.0.7.2/lib/action_dispatch/middleware/templates/rescues/_source.html.erb (2.9ms)
  Rendering /Users/anansi/.rvm/gems/ruby-2.6.1/gems/actionpack-5.0.7.2/lib/action_dispatch/middleware/templates/rescues/_trace.html.erb
  Rendered /Users/anansi/.rvm/gems/ruby-2.6.1/gems/actionpack-5.0.7.2/lib/action_dispatch/middleware/templates/rescues/_trace.html.erb (1.5ms)
  Rendering /Users/anansi/.rvm/gems/ruby-2.6.1/gems/actionpack-5.0.7.2/lib/action_dispatch/middleware/templates/rescues/_request_and_response.html.erb
  Rendered /Users/anansi/.rvm/gems/ruby-2.6.1/gems/actionpack-5.0.7.2/lib/action_dispatch/middleware/templates/rescues/_request_and_response.html.erb (0.9ms)
  Rendered /Users/anansi/.rvm/gems/ruby-2.6.1/gems/actionpack-5.0.7.2/lib/action_dispatch/middleware/templates/rescues/diagnostics.html.erb within rescues/layout (26.4ms)
Started GET "/students/1" for ::1 at 2020-08-25 14:01:46 -0500
Processing by StudentsController#show as HTML
  Parameters: {"id"=>"1"}
  [1m[36mStudent Load (0.3ms)[0m  [1m[34mSELECT  "students".* FROM "students" WHERE "students"."id" = ? LIMIT ?[0m  [["id", 1], ["LIMIT", 1]]
  Rendering students/show.html.erb within layouts/application
  Rendered students/show.html.erb within layouts/application (0.5ms)
Completed 200 OK in 37ms (Views: 20.3ms | ActiveRecord: 1.6ms)


Started GET "/students/1" for ::1 at 2020-08-25 14:03:02 -0500
Processing by StudentsController#show as HTML
  Parameters: {"id"=>"1"}
  [1m[36mStudent Load (0.1ms)[0m  [1m[34mSELECT  "students".* FROM "students" WHERE "students"."id" = ? LIMIT ?[0m  [["id", 1], ["LIMIT", 1]]
  Rendering students/show.html.erb within layouts/application
  Rendered students/show.html.erb within layouts/application (0.4ms)
Completed 200 OK in 11ms (Views: 9.9ms | ActiveRecord: 0.1ms)


Started GET "/students" for ::1 at 2020-08-25 14:03:08 -0500
Processing by StudentsController#index as HTML
  Rendering students/index.html.erb within layouts/application
  [1m[36mStudent Load (0.2ms)[0m  [1m[34mSELECT "students".* FROM "students"[0m
  Rendered students/index.html.erb within layouts/application (1.3ms)
Completed 200 OK in 13ms (Views: 11.9ms | ActiveRecord: 0.2ms)


Started GET "/students/2" for ::1 at 2020-08-25 14:03:10 -0500
Processing by StudentsController#show as HTML
  Parameters: {"id"=>"2"}
  [1m[36mStudent Load (0.2ms)[0m  [1m[34mSELECT  "students".* FROM "students" WHERE "students"."id" = ? LIMIT ?[0m  [["id", 2], ["LIMIT", 1]]
  Rendering students/show.html.erb within layouts/application
  Rendered students/show.html.erb within layouts/application (0.6ms)
Completed 200 OK in 18ms (Views: 15.2ms | ActiveRecord: 0.2ms)


Started GET "/students/4" for ::1 at 2020-08-25 14:03:12 -0500
Processing by StudentsController#show as HTML
  Parameters: {"id"=>"4"}
  [1m[36mStudent Load (0.1ms)[0m  [1m[34mSELECT  "students".* FROM "students" WHERE "students"."id" = ? LIMIT ?[0m  [["id", 4], ["LIMIT", 1]]
  Rendering students/show.html.erb within layouts/application
  Rendered students/show.html.erb within layouts/application (0.9ms)
Completed 200 OK in 22ms (Views: 19.4ms | ActiveRecord: 0.1ms)


Started GET "/students/7" for ::1 at 2020-08-25 14:03:13 -0500
Processing by StudentsController#show as HTML
  Parameters: {"id"=>"7"}
  [1m[36mStudent Load (0.2ms)[0m  [1m[34mSELECT  "students".* FROM "students" WHERE "students"."id" = ? LIMIT ?[0m  [["id", 7], ["LIMIT", 1]]
  Rendering students/show.html.erb within layouts/application
  Rendered students/show.html.erb within layouts/application (1.0ms)
Completed 200 OK in 34ms (Views: 30.0ms | ActiveRecord: 0.2ms)


Started GET "/students/10" for ::1 at 2020-08-25 14:03:14 -0500
Processing by StudentsController#show as HTML
  Parameters: {"id"=>"10"}
  [1m[36mStudent Load (0.3ms)[0m  [1m[34mSELECT  "students".* FROM "students" WHERE "students"."id" = ? LIMIT ?[0m  [["id", 10], ["LIMIT", 1]]
  Rendering students/show.html.erb within layouts/application
  Rendered students/show.html.erb within layouts/application (0.9ms)
Completed 200 OK in 21ms (Views: 17.6ms | ActiveRecord: 0.3ms)


